<?xml version="1.0" encoding="UTF-8"?>
<testng-results ignored="0" total="1" passed="1" failed="0" skipped="0">
  <reporter-output>
  </reporter-output>
  <suite started-at="2024-04-17T11:33:10 IST" name="Default suite" finished-at="2024-04-17T11:33:54 IST" duration-ms="43855">
    <groups>
    </groups>
    <test started-at="2024-04-17T11:33:10 IST" name="Default test" finished-at="2024-04-17T11:33:54 IST" duration-ms="43855">
      <class name="SeleniumTestNg.MakeMyTrip">
        <test-method is-config="true" signature="Setup()[pri:0, instance:SeleniumTestNg.MakeMyTrip@732c2a62]" started-at="2024-04-17T11:33:10 IST" name="Setup" finished-at="2024-04-17T11:33:15 IST" duration-ms="4604" status="PASS">
          <reporter-output>
          </reporter-output>
        </test-method> <!-- Setup -->
        <test-method signature="Booikng()[pri:0, instance:SeleniumTestNg.MakeMyTrip@732c2a62]" started-at="2024-04-17T11:33:15 IST" name="Booikng" finished-at="2024-04-17T11:33:54 IST" duration-ms="39194" status="PASS">
          <reporter-output>
          </reporter-output>
        </test-method> <!-- Booikng -->
      </class> <!-- SeleniumTestNg.MakeMyTrip -->
    </test> <!-- Default test -->
  </suite> <!-- Default suite -->
</testng-results>
